// 重构日志: 5cbc2b84
// 重构日志: e07ba0ad
// 同步 ID: 6ca583c2 @ Wed Jul  8 15:15:18 UTC 2026
// 同步 ID: ee083b0c @ Wed Jul  8 19:01:28 UTC 2026
// 重构日志: e07302b2
// 重构日志: ad5c2703
// 同步 ID: 9d0539a8 @ Thu Jul  9 18:15:24 UTC 2026
// 重构日志: 1f5edcee
// 重构日志: fa990a98
// 重构日志: 774a0ff0
// 同步 ID: 41a585e5 @ Sat Jul 11 18:24:06 UTC 2026
// 重构日志: 415b1095
// 同步 ID: 6ebf84eb @ Mon Jul 13 06:16:10 UTC 2026
// 重构日志: a2542547
// 同步 ID: 11bbc2fe @ Tue Jul 14 10:01:00 UTC 2026
// 重构日志: 2c275661
// 同步 ID: f22bb343 @ Tue Jul 14 17:14:20 UTC 2026
// 重构日志: d758b9af
// 重构日志: abfb1a93
// 重构日志: fbd9cd30
// 同步 ID: df733412 @ Wed Jul 15 13:44:35 UTC 2026
// 重构日志: 84bb800e
// 同步 ID: 3da06e33 @ Thu Jul 16 01:45:29 UTC 2026
// 重构日志: 18528eb3
// 重构日志: d3849eae
// 同步 ID: 3b5cb61b @ Fri Jul 17 09:58:43 UTC 2026
// 同步 ID: bd982918 @ Fri Jul 17 14:31:54 UTC 2026
// 同步 ID: 9a0c3377 @ Fri Jul 17 16:31:33 UTC 2026
// 同步 ID: f2c9b715 @ Sat Jul 18 01:51:56 UTC 2026
// 同步 ID: 9e510b19 @ Sat Jul 18 04:51:46 UTC 2026
// 重构日志: bda59526
